"E:/UnrealEsEspecialYNecesitaSuCarpeta/DDM/Grupo3DDM/Grupo3DDM/Content/2dSideScroller/Textures/2DBackgroundTile.uasset" 0
"E:/UnrealEsEspecialYNecesitaSuCarpeta/DDM/Grupo3DDM/Grupo3DDM/Content/2DSideScroller/Materials/PrototypingSpriteMaterial.uasset" 1
"E:/UnrealEsEspecialYNecesitaSuCarpeta/DDM/Grupo3DDM/Grupo3DDM/Content/2DSideScroller/Sprites/PrototypingSprite.uasset" 2
"E:/UnrealEsEspecialYNecesitaSuCarpeta/DDM/Grupo3DDM/Grupo3DDM/Content/2DSideScrollerBP/2DSideScrollerOverview.uasset" 3
"../../../Engine/Content/MapTemplates/Materials/BasicAsset01.uasset" 4
"../../../Engine/Content/EngineMaterials/T_Default_Material_Grid_N.uasset" 5
"../../../Engine/Content/EngineMaterials/T_Default_Material_Grid_M.uasset" 6
"../../../Engine/Content/Functions/Engine_MaterialFunctions01/Opacity/CameraDepthFade.uasset" 7
"../../../Engine/Content/EngineMaterials/DefaultMaterial.uasset" 8
"../../../Engine/Content/BasicShapes/Sphere.uasset" 9
"../../../Engine/Content/VREditor/UI/ArrowMaterial.uasset" 10
"E:/UnrealEsEspecialYNecesitaSuCarpeta/DDM/Grupo3DDM/Grupo3DDM/Content/2DSideScrollerBP/Blueprints/Generador/Proyectiles_Genericos/Projectil_Generico_Azul.uasset" 11
"E:/UnrealEsEspecialYNecesitaSuCarpeta/DDM/Grupo3DDM/Grupo3DDM/Content/2DSideScrollerBP/Blueprints/Generador/Proyectiles_Genericos/Projectil_Generico_Rojo_Grande.uasset" 12
"E:/UnrealEsEspecialYNecesitaSuCarpeta/DDM/Grupo3DDM/Grupo3DDM/Content/2DSideScrollerBP/Blueprints/Generador/Proyectiles_Genericos/Projectil_Generico_Rojo.uasset" 13
"E:/UnrealEsEspecialYNecesitaSuCarpeta/DDM/Grupo3DDM/Grupo3DDM/Content/2DSideScrollerBP/Blueprints/Generador/Proyectiles_Genericos/Projectil_Generico_Azul_Grande.uasset" 14
"../../../Engine/Content/EditorBlueprintResources/StandardMacros.uasset" 15
"E:/UnrealEsEspecialYNecesitaSuCarpeta/DDM/Grupo3DDM/Grupo3DDM/Content/2DSideScrollerBP/Blueprints/Generador/BP_Generador_Estrofas.uasset" 16
"E:/UnrealEsEspecialYNecesitaSuCarpeta/DDM/Grupo3DDM/Grupo3DDM/Content/2DSideScrollerBP/Blueprints/Generador/BP_Generador_Notas.uasset" 17
"E:/UnrealEsEspecialYNecesitaSuCarpeta/DDM/Grupo3DDM/Grupo3DDM/Content/2DSideScrollerBP/Blueprints/BP_Generador_Notas.uasset" 18
"E:/UnrealEsEspecialYNecesitaSuCarpeta/DDM/Grupo3DDM/Grupo3DDM/Content/2DSideScrollerBP/Blueprints/Generador/Generador_MacroLibrary.uasset" 19
"../../../Engine/Content/EngineMaterials/WorldGridMaterial.uasset" 20
"../../../Engine/Content/ArtTools/RenderToTexture/Meshes/S_1_Unit_Plane.uasset" 21
"../../../Engine/Content/BasicShapes/Cone.uasset" 22
"../../../Engine/Content/BasicShapes/Cube.uasset" 23
"../../../Engine/Content/BasicShapes/Plane.uasset" 24
"../../../Engine/Content/EditorLandscapeResources/DataLayer.uasset" 25
"../../../Engine/Content/EditorLandscapeResources/DefaultAlphaTexture.uasset" 26
"../../../Engine/Content/EditorMaterials/MAT_Groups_Toggle.uasset" 27
"../../../Engine/Content/EditorMaterials/MAT_Groups_Visibility.uasset" 28
"../../../Engine/Content/EditorMaterials/PreviewShadowIndicator.uasset" 29
"../../../Engine/Content/EditorMaterials/PreviewShadowIndicatorMaterial.uasset" 30
"../../../Engine/Content/EditorMaterials/MatineeGroups/MAT_ColorTrack.uasset" 31
"../../../Engine/Content/EditorMaterials/MatineeGroups/MAT_Groups_Anim.uasset" 32
"../../../Engine/Content/EditorMaterials/MatineeGroups/MAT_Groups_AudioMaster.uasset" 33
"../../../Engine/Content/EditorMaterials/MatineeGroups/MAT_Groups_Director.uasset" 34
"../../../Engine/Content/EditorMaterials/MatineeGroups/MAT_Groups_Event.uasset" 35
"../../../Engine/Content/EditorMaterials/MatineeGroups/MAT_Groups_Fade.uasset" 36
"../../../Engine/Content/EditorMaterials/MatineeGroups/MAT_Groups_Float.uasset" 37
"../../../Engine/Content/EditorMaterials/MatineeGroups/MAT_Groups_Move.uasset" 38
"../../../Engine/Content/EditorMaterials/MatineeGroups/MAT_Groups_Slomo.uasset" 39
"../../../Engine/Content/EditorMaterials/MatineeGroups/MAT_Groups_Sound.uasset" 40
"../../../Engine/Content/EditorMaterials/MatineeGroups/MAT_Groups_Vector.uasset" 41
"../../../Engine/Content/EditorMaterials/ParticleSystems/PSysThumbnail_NoImage.uasset" 42
"../../../Engine/Content/EditorMaterials/ParticleSystems/PSysThumbnail_OOD.uasset" 43
"../../../Engine/Content/EditorMaterials/Camera/CineMat.uasset" 44
"../../../Engine/Content/EditorMaterials/Camera/MI_CineMat_Rig.uasset" 45
"../../../Engine/Content/EditorMeshes/Camera/SM_CraneRig_Arm.uasset" 46
"../../../Engine/Content/EditorMeshes/Camera/SM_CraneRig_Base.uasset" 47
"../../../Engine/Content/EditorMeshes/Camera/SM_CraneRig_Body.uasset" 48
"../../../Engine/Content/EditorMeshes/Camera/SM_CraneRig_Mount.uasset" 49
"../../../Engine/Content/EditorMeshes/Camera/SM_RailRig_Mount.uasset" 50
"../../../Engine/Content/EditorMeshes/Camera/SM_RailRig_Track.uasset" 51
"../../../Engine/Content/EditorResources/BSPVertex.uasset" 52
"../../../Engine/Content/EditorResources/EmptyActor.uasset" 53
"../../../Engine/Content/EditorResources/S_Actor.uasset" 54
"../../../Engine/Content/EditorResources/S_Note.uasset" 55
"../../../Engine/Content/EditorResources/S_Solver.uasset" 56
"../../../Engine/Content/EditorResources/S_Terrain.uasset" 57
"../../../Engine/Content/EditorResources/S_Trigger.uasset" 58
"../../../Engine/Content/EditorResources/SequenceRecorder/Countdown.uasset" 59
"../../../Engine/Content/EditorResources/SequenceRecorder/RecordingIndicator.uasset" 60
"../../../Engine/Content/EngineDamageTypes/DmgTypeBP_Environmental.uasset" 61
"../../../Engine/Content/EngineDebugMaterials/DebugEditorMaterial.uasset" 62
"../../../Engine/Content/EngineDebugMaterials/DebugMeshMaterial.uasset" 63
"../../../Engine/Content/EngineDebugMaterials/M_SimpleUnlitTranslucent.uasset" 64
"../../../Engine/Content/EngineDebugMaterials/VolumeToRender.uasset" 65
"../../../Engine/Content/Functions/Engine_MaterialFunctions02/Utility/CameraDirectionVector.uasset" 66
"../../../Engine/Content/EngineDebugMaterials/M_VolumeRenderSphereTracePP.uasset" 67
"../../../Engine/Content/Functions/Engine_MaterialFunctions01/Shading/ConvertFromDiffSpec.uasset" 68
"../../../Engine/Content/EngineDebugMaterials/VertexColorMaterial.uasset" 69
"../../../Engine/Content/EngineDebugMaterials/WireframeMaterial.uasset" 70
"../../../Engine/Content/EngineFonts/Faces/RobotoRegular.uasset" 71
"../../../Engine/Content/EngineFonts/Faces/RobotoLight.uasset" 72
"../../../Engine/Content/EngineFonts/Faces/RobotoItalic.uasset" 73
"../../../Engine/Content/EngineFonts/Faces/RobotoBoldItalic.uasset" 74
"../../../Engine/Content/EngineFonts/Faces/RobotoBold.uasset" 75
"../../../Engine/Content/EngineFonts/Faces/DroidSansFallback.uasset" 76
"../../../Engine/Content/EngineFonts/Roboto.uasset" 77
"../../../Engine/Content/EngineMaterials/BaseFlattenNormalMap.uasset" 78
"../../../Engine/Content/EngineMaterials/BaseFlattenGrayscaleMap.uasset" 79
"../../../Engine/Content/EngineMaterials/BaseFlattenEmissiveMap.uasset" 80
"../../../Engine/Content/EngineMaterials/BaseFlattenDiffuseMap.uasset" 81
"../../../Engine/Content/EngineMaterials/BaseFlattenMaterial.uasset" 82
"../../../Engine/Content/EngineMaterials/BlueNoise.uasset" 83
"../../../Engine/Content/EngineMaterials/DefaultBloomKernel.uasset" 84
"../../../Engine/Content/EngineMaterials/DefaultBokeh.uasset" 85
"../../../Engine/Content/EngineMaterials/DefaultDiffuse.uasset" 86
"../../../Engine/Content/EngineMaterials/DefaultDeferredDecalMaterial.uasset" 87
"../../../Engine/Content/EngineMaterials/DefaultLightFunctionMaterial.uasset" 88
"../../../Engine/Content/EngineMaterials/DefaultPhysicalMaterial.uasset" 89
"../../../Engine/Content/Functions/Engine_MaterialFunctions02/Utility/BreakOutFloat2Components.uasset" 90
"../../../Engine/Content/EngineMaterials/DefaultPostProcessMaterial.uasset" 91
"../../../Engine/Content/EngineFonts/RobotoDistanceField.uasset" 92
"../../../Engine/Content/EngineMaterials/DefaultTextMaterialOpaque.uasset" 93
"../../../Engine/Content/EngineMaterials/DefaultWhiteGrid.uasset" 94
"../../../Engine/Content/EngineMaterials/DefaultWhiteGrid_Low.uasset" 95
"../../../Engine/Content/EngineMaterials/EmissiveMeshMaterial.uasset" 96
"../../../Engine/Content/EngineMaterials/GizmoMaterial.uasset" 97
"../../../Engine/Content/EngineMaterials/Good64x64TilingNoiseHighFreq.uasset" 98
"../../../Engine/Content/EngineMaterials/MiniFont.uasset" 99
"../../../Engine/Content/EngineMaterials/InvalidLightmapSettings.uasset" 100
"../../../Engine/Content/EngineMaterials/M_InvalidLightmapSettings.uasset" 101
"../../../Engine/Content/Functions/Engine_MaterialFunctions02/WorldPositionOffset/CameraOffset.uasset" 102
"../../../Engine/Content/EngineMaterials/PhAT_JointLimitMaterial.uasset" 103
"../../../Engine/Content/EngineMaterials/PreintegratedSkinBRDF.uasset" 104
"../../../Engine/Content/EngineMaterials/RemoveSurfaceMaterial.uasset" 105
"../../../Engine/Content/EngineMaterials/WeightMapPlaceholderTexture.uasset" 106
"../../../Engine/Content/EngineResources/WhiteSquareTexture.uasset" 107
"../../../Engine/Content/EngineMaterials/Widget3DPassThrough.uasset" 108
"../../../Engine/Content/EngineMaterials/Widget3DPassThrough_Masked.uasset" 109
"../../../Engine/Content/EngineMaterials/Widget3DPassThrough_Opaque.uasset" 110
"../../../Engine/Content/EngineMaterials/Widget3DPassThrough_Masked_OneSided.uasset" 111
"../../../Engine/Content/EngineMaterials/Widget3DPassThrough_Opaque_OneSided.uasset" 112
"../../../Engine/Content/EngineMaterials/Widget3DPassThrough_Translucent.uasset" 113
"../../../Engine/Content/EngineMaterials/Widget3DPassThrough_Translucent_OneSided.uasset" 114
"../../../Engine/Content/EngineMeshes/Cylinder.uasset" 115
"../../../Engine/Content/EngineMeshes/Sphere.uasset" 116
"../../../Engine/Content/EngineResources/Black.uasset" 117
"../../../Engine/Content/EngineResources/DefaultTextureCube.uasset" 118
"../../../Engine/Content/EngineResources/DefaultVolumeTexture2D.uasset" 119
"../../../Engine/Content/EngineResources/DefaultVolumeTexture.uasset" 120
"../../../Engine/Content/EngineResources/GradientTexture0.uasset" 121
"../../../Engine/Content/EngineSky/VolumetricClouds/T_NoiseShape64.uasset" 122
"../../../Engine/Content/EngineSky/VolumetricClouds/T_VolumeNoiseShape64.uasset" 123
"../../../Engine/Content/EngineSky/VolumetricClouds/T_NoiseErosion.uasset" 124
"../../../Engine/Content/EngineSky/VolumetricClouds/T_VolumeNoiseErosion32.uasset" 125
"../../../Engine/Content/EngineSky/VolumetricClouds/CloudWeatherTexture.uasset" 126
"../../../Engine/Content/EngineSky/VolumetricClouds/CloudGradientTexture.uasset" 127
"../../../Engine/Content/Functions/Engine_MaterialFunctions02/Utility/MakeFloat2.uasset" 128
"../../../Engine/Content/EngineSky/VolumetricClouds/m_SimpleVolumetricCloud.uasset" 129
"../../../Engine/Content/EngineSky/VolumetricClouds/m_SimpleVolumetricCloud_Inst.uasset" 130
"../../../Engine/Content/EngineSounds/Master.uasset" 131
"../../../Engine/Content/Functions/Engine_MaterialFunctions01/Shading/PowerToRoughness.uasset" 132
"../../../Engine/Content/Maps/Templates/Thumbnails/Default.uasset" 133
"../../../Engine/Content/Maps/Templates/Thumbnails/TimeOfDay.uasset" 134
"../../../Engine/Content/Maps/Templates/Thumbnails/VR-Basic.uasset" 135
"../../../Engine/Content/MobileResources/T_MobileControls_texture.uasset" 136
"../../../Engine/Content/MobileResources/T_MobileMenu2.uasset" 137
"../../../Engine/Content/MobileResources/HUD/MobileHUDButtonFire.uasset" 138
"../../../Engine/Content/MobileResources/HUD/AnalogHat.uasset" 139
"../../../Engine/Content/EditorMaterials/TargetIcon.uasset" 140
"../../../Engine/Content/EditorLandscapeResources/GizmoTexture.uasset" 141
"../../../Engine/Content/MobileResources/HUD/Alternative_Virtual_Joysticks.uasset" 142
"../../../Engine/Content/MobileResources/HUD/MobileHUDDirectionStick.uasset" 143
"../../../Engine/Content/MobileResources/HUD/MobileHUDDirectionPad.uasset" 144
"../../../Engine/Content/MobileResources/HUD/DefaultVirtualJoysticks.uasset" 145
"../../../Engine/Content/MobileResources/HUD/VirtualJoystick_Thumb.uasset" 146
"../../../Engine/Content/MobileResources/HUD/VirtualJoystick_Background.uasset" 147
"../../../Engine/Content/MobileResources/HUD/LeftVirtualJoystickOnly.uasset" 148
"../../../Engine/Content/MobileResources/HUD/MobileHUDButton1_off.uasset" 149
"../../../Engine/Content/MobileResources/HUD/MobileHUDButton1_on.uasset" 150
"../../../Engine/Content/MobileResources/HUD/MobileHUDButton2_off.uasset" 151
"../../../Engine/Content/MobileResources/HUD/MobileHUDButton2_on.uasset" 152
"../../../Engine/Content/MobileResources/HUD/MobileHUDButton3.uasset" 153
"../../../Engine/Content/MobileResources/HUD/MobileHUDDirectionPad2.uasset" 154
"../../../Engine/Content/MobileResources/HUD/MobileHUDDirectionPad3.uasset" 155
"../../../Engine/Content/MobileResources/HUD/T_Castle_ThumbstickInner.uasset" 156
"../../../Engine/Content/MobileResources/HUD/T_Castle_ThumbstickOutter.uasset" 157
"../../../Engine/Content/Tutorial/ContentIntroCurve.uasset" 158
"../../../Engine/Content/Tutorial/Basics/LevelEditorAttract.uasset" 159
"../../../Engine/Content/Tutorial/Basics/TutorialAssets/icon_tab_Levels_40x.uasset" 160
"../../../Engine/Content/Tutorial/Basics/LevelEditorOverview.uasset" 161
"../../../Engine/Content/Tutorial/BlueprintTutorials/TutorialAssets/Blueprint_64x.uasset" 162
"../../../Engine/Content/Tutorial/BlueprintTutorials/BlueprintEditorTutorial.uasset" 163
"../../../Engine/Content/Tutorial/Landscape/TutorialAssets/Landscape.uasset" 164
"../../../Engine/Content/Tutorial/Landscape/LandscapeWalkThrough.uasset" 165
"../../../Engine/Content/Tutorial/Landscape/Landscape_Manage_Mode.uasset" 166
"../../../Engine/Content/Tutorial/Landscape/Landscape_Painting_Mode.uasset" 167
"../../../Engine/Content/Tutorial/Landscape/Landscape_Sculpt_Mode.uasset" 168
"../../../Engine/Content/VREditor/TransformGizmo/TranslucentTransformGizmoMaterial.uasset" 169
"../../../Engine/Content/VREditor/LaserPointer/VR_LaserPower_01.uasset" 170
"../../../Engine/Content/VREditor/TransformGizmo/TransformGizmoMaterial.uasset" 171
"../../../Engine/Content/VREditor/TransformGizmo/BoundingBoxCorner.uasset" 172
"../../../Engine/Content/VREditor/TransformGizmo/BoundingBoxEdge.uasset" 173
"../../../Engine/Content/VREditor/TransformGizmo/PlaneTranslationHandle.uasset" 174
"../../../Engine/Content/VREditor/TransformGizmo/Xray.uasset" 175
"../../../Engine/Content/VREditor/TransformGizmo/Main.uasset" 176
"../../../Engine/Content/VREditor/TransformGizmo/SM_Sequencer_Key.uasset" 177
"../../../Engine/Content/VREditor/TransformGizmo/SM_Sequencer_Node.uasset" 178
"../../Plugins/2D/Paper2D/Content/PlaceholderTextures/DummySpriteTexture.uasset" 179
"../../Plugins/2D/Paper2D/Content/DummySprite.uasset" 180
"../../Plugins/2D/Paper2D/Content/DefaultPaperTerrainMaterial.uasset" 181
"../../Plugins/2D/Paper2D/Content/DefaultSpriteMaterial.uasset" 182
"../../Plugins/2D/Paper2D/Content/MaskedUnlitSpriteMaterial.uasset" 183
"../../../Engine/Content/Functions/Engine_MaterialFunctions02/Utility/BreakOutFloat3Components.uasset" 184
"../../Plugins/Editor/SpeedTreeImporter/Content/SpeedTree9/UnpackInteger3.uasset" 185
"../../Plugins/Editor/SpeedTreeImporter/Content/SpeedTree9/UnpackDirection.uasset" 186
"../../Plugins/Editor/SpeedTreeImporter/Content/SpeedTree9/game_wind_noise.uasset" 187
"../../../Engine/Content/Functions/Engine_MaterialFunctions02/SafeNormalize.uasset" 188
"../../Plugins/Editor/SpeedTreeImporter/Content/SpeedTree9/SpeedTreeWindMotion.uasset" 189
"../../Plugins/Editor/SpeedTreeImporter/Content/SpeedTree9/SpeedTreeBranchMotion.uasset" 190
"../../../Engine/Content/Functions/Engine_MaterialFunctions02/ObjectLocalBounds.uasset" 191
"../../../Engine/Content/Functions/Engine_MaterialFunctions02/UVs/BoundingBoxBased_0-1_UVW.uasset" 192
"../../Plugins/Editor/SpeedTreeImporter/Content/SpeedTree9/SpeedTreeWind.uasset" 193
"../../Plugins/Editor/SpeedTreeImporter/Content/SpeedTree9/SpeedTreeBillboard.uasset" 194
"../../../Engine/Content/EngineResources/DefaultTexture.uasset" 195
"../../Plugins/Editor/SpeedTreeImporter/Content/SpeedTree9/SpeedTreeBillboardMaster.uasset" 196
"../../Plugins/Editor/SpeedTreeImporter/Content/SpeedTree9/SpeedTreeCameraFacing.uasset" 197
"../../Plugins/Editor/SpeedTreeImporter/Content/SpeedTree9/SpeedTreeMaster.uasset" 198
"../../../Engine/Content/BasicShapes/Cylinder.uasset" 199
"../../../Engine/Content/ArtTools/RenderToTexture/Materials/Debug/M_Emissive_Color.uasset" 200
"../../Plugins/Lumin/MagicLeapPassableWorld/Content/MagicLeapARPinInfoActor.uasset" 201
"../../../Engine/Content/Functions/Engine_MaterialFunctions02/Utility/BreakOutFloat4Components.uasset" 202
"../../../Engine/Content/Functions/Engine_MaterialFunctions02/Utility/MakeFloat3.uasset" 203
"../../Plugins/Runtime/Oculus/OculusVR/Content/Materials/OculusMR_ChromaKey.uasset" 204
"../../Plugins/Runtime/Oculus/OculusVR/Content/Materials/OculusMR_OpaqueColoredMaterial.uasset" 205
"../../Plugins/Runtime/Oculus/OculusVR/Content/Materials/PokeAHoleMaterial.uasset" 206
"../../../Engine/Content/MapTemplates/T_ScreenDirt02_w.uasset" 207
"../../../Engine/Content/MapTemplates/Bokeh_5Sides.uasset" 208
"E:/UnrealEsEspecialYNecesitaSuCarpeta/DDM/Grupo3DDM/Grupo3DDM/Content/2dSideScroller/Textures/2DCharacter_RunAnimAtlas.uasset" 209
"E:/UnrealEsEspecialYNecesitaSuCarpeta/DDM/Grupo3DDM/Grupo3DDM/Content/2dSideScroller/Sprites/RunFrames/RunCycle_9.uasset" 210
"E:/UnrealEsEspecialYNecesitaSuCarpeta/DDM/Grupo3DDM/Grupo3DDM/Content/2dSideScroller/Sprites/RunFrames/RunCycle_8.uasset" 211
"E:/UnrealEsEspecialYNecesitaSuCarpeta/DDM/Grupo3DDM/Grupo3DDM/Content/2dSideScroller/Sprites/RunFrames/RunCycle_7.uasset" 212
"E:/UnrealEsEspecialYNecesitaSuCarpeta/DDM/Grupo3DDM/Grupo3DDM/Content/2dSideScroller/Sprites/RunFrames/RunCycle_6.uasset" 213
"E:/UnrealEsEspecialYNecesitaSuCarpeta/DDM/Grupo3DDM/Grupo3DDM/Content/2dSideScroller/Sprites/RunFrames/RunCycle_5.uasset" 214
"E:/UnrealEsEspecialYNecesitaSuCarpeta/DDM/Grupo3DDM/Grupo3DDM/Content/2dSideScroller/Sprites/RunFrames/RunCycle_4.uasset" 215
"E:/UnrealEsEspecialYNecesitaSuCarpeta/DDM/Grupo3DDM/Grupo3DDM/Content/2dSideScroller/Sprites/RunFrames/RunCycle_3.uasset" 216
"E:/UnrealEsEspecialYNecesitaSuCarpeta/DDM/Grupo3DDM/Grupo3DDM/Content/2dSideScroller/Sprites/RunFrames/RunCycle_2.uasset" 217
"E:/UnrealEsEspecialYNecesitaSuCarpeta/DDM/Grupo3DDM/Grupo3DDM/Content/2dSideScroller/Sprites/RunFrames/RunCycle_16.uasset" 218
"E:/UnrealEsEspecialYNecesitaSuCarpeta/DDM/Grupo3DDM/Grupo3DDM/Content/2dSideScroller/Sprites/RunFrames/RunCycle_15.uasset" 219
"E:/UnrealEsEspecialYNecesitaSuCarpeta/DDM/Grupo3DDM/Grupo3DDM/Content/2dSideScroller/Sprites/RunFrames/RunCycle_14.uasset" 220
"E:/UnrealEsEspecialYNecesitaSuCarpeta/DDM/Grupo3DDM/Grupo3DDM/Content/2dSideScroller/Sprites/RunFrames/RunCycle_13.uasset" 221
"E:/UnrealEsEspecialYNecesitaSuCarpeta/DDM/Grupo3DDM/Grupo3DDM/Content/2dSideScroller/Sprites/RunFrames/RunCycle_12.uasset" 222
"E:/UnrealEsEspecialYNecesitaSuCarpeta/DDM/Grupo3DDM/Grupo3DDM/Content/2dSideScroller/Sprites/RunFrames/RunCycle_11.uasset" 223
"E:/UnrealEsEspecialYNecesitaSuCarpeta/DDM/Grupo3DDM/Grupo3DDM/Content/2dSideScroller/Sprites/RunFrames/RunCycle_10.uasset" 224
"E:/UnrealEsEspecialYNecesitaSuCarpeta/DDM/Grupo3DDM/Grupo3DDM/Content/2dSideScroller/Sprites/RunFrames/RunCycle_1.uasset" 225
"E:/UnrealEsEspecialYNecesitaSuCarpeta/DDM/Grupo3DDM/Grupo3DDM/Content/2DSideScroller/Sprites/RunningAnimation.uasset" 226
"E:/UnrealEsEspecialYNecesitaSuCarpeta/DDM/Grupo3DDM/Grupo3DDM/Content/2dSideScroller/Textures/2DCharacter_IdleAnimAtlas.uasset" 227
"E:/UnrealEsEspecialYNecesitaSuCarpeta/DDM/Grupo3DDM/Grupo3DDM/Content/2dSideScroller/Sprites/IdleFrames/IdleCycle8.uasset" 228
"E:/UnrealEsEspecialYNecesitaSuCarpeta/DDM/Grupo3DDM/Grupo3DDM/Content/2dSideScroller/Sprites/IdleFrames/IdleCycle7.uasset" 229
"E:/UnrealEsEspecialYNecesitaSuCarpeta/DDM/Grupo3DDM/Grupo3DDM/Content/2dSideScroller/Sprites/IdleFrames/IdleCycle6.uasset" 230
"E:/UnrealEsEspecialYNecesitaSuCarpeta/DDM/Grupo3DDM/Grupo3DDM/Content/2dSideScroller/Sprites/IdleFrames/IdleCycle5.uasset" 231
"E:/UnrealEsEspecialYNecesitaSuCarpeta/DDM/Grupo3DDM/Grupo3DDM/Content/2dSideScroller/Sprites/IdleFrames/IdleCycle4.uasset" 232
"E:/UnrealEsEspecialYNecesitaSuCarpeta/DDM/Grupo3DDM/Grupo3DDM/Content/2dSideScroller/Sprites/IdleFrames/IdleCycle3.uasset" 233
"E:/UnrealEsEspecialYNecesitaSuCarpeta/DDM/Grupo3DDM/Grupo3DDM/Content/2dSideScroller/Sprites/IdleFrames/IdleCycle2.uasset" 234
"E:/UnrealEsEspecialYNecesitaSuCarpeta/DDM/Grupo3DDM/Grupo3DDM/Content/2dSideScroller/Sprites/IdleFrames/IdleCycle1.uasset" 235
"E:/UnrealEsEspecialYNecesitaSuCarpeta/DDM/Grupo3DDM/Grupo3DDM/Content/2DSideScroller/Sprites/IdleAnimation.uasset" 236
"E:/UnrealEsEspecialYNecesitaSuCarpeta/DDM/Grupo3DDM/Grupo3DDM/Content/2DSideScrollerBP/Blueprints/2DSideScrollerCharacter.uasset" 237
"E:/UnrealEsEspecialYNecesitaSuCarpeta/DDM/Grupo3DDM/Grupo3DDM/Content/2DSideScrollerBP/Blueprints/2DSideScrollerGameMode.uasset" 238
"E:/UnrealEsEspecialYNecesitaSuCarpeta/DDM/Grupo3DDM/Grupo3DDM/Content/2dSideScroller/Textures/2DBackgroundBlockAtlas.uasset" 239
"E:/UnrealEsEspecialYNecesitaSuCarpeta/DDM/Grupo3DDM/Grupo3DDM/Content/2DSideScroller/Sprites/Ledge.uasset" 240
"E:/UnrealEsEspecialYNecesitaSuCarpeta/DDM/Grupo3DDM/Grupo3DDM/Content/2dSideScroller/Textures/2DBackground.uasset" 241
"../../Plugins/2D/Paper2D/Content/OpaqueUnlitSpriteMaterial.uasset" 242
"E:/UnrealEsEspecialYNecesitaSuCarpeta/DDM/Grupo3DDM/Grupo3DDM/Content/2DSideScroller/Sprites/Background_Sprite.uasset" 243
"E:/UnrealEsEspecialYNecesitaSuCarpeta/DDM/Grupo3DDM/Grupo3DDM/Content/2DSideScrollerBP/Maps/2DSideScrollerExampleMap.umap" 244
"E:/UnrealEsEspecialYNecesitaSuCarpeta/DDM/Grupo3DDM/Grupo3DDM/Content/2DSideScrollerBP/Blueprints/Generador/BP_Generador_Estrofas_V2.uasset" 245
"E:/UnrealEsEspecialYNecesitaSuCarpeta/DDM/Grupo3DDM/Grupo3DDM/Content/2DSideScrollerBP/Blueprints/Generador/Gameplay_Mode.uasset" 246
"E:/UnrealEsEspecialYNecesitaSuCarpeta/DDM/Grupo3DDM/Grupo3DDM/Content/2DSideScrollerBP/Maps/2DSideScrollerExampleMap_Dom_Test.umap" 247
"../../../Engine/Content/Maps/Entry_BuiltData.uasset" 248
"../../../Engine/Content/Maps/Entry.umap" 249
